# JRE version: 6.0_36-b36
# Java VM: OpenJDK 64-Bit Server VM (23.25-b01 mixed mode linux-amd64 compressed oops)
Heap
 PSYoungGen      total 469696K, used 327996K [0x00000007d6d60000, 0x00000007fe920000, 0x0000000800000000)
  eden space 448640K, 72% used [0x00000007d6d60000,0x00000007eab6f130,0x00000007f2380000)
  from space 21056K, 10% used [0x00000007f2380000,0x00000007f25c0030,0x00000007f3810000)
  to   space 19520K, 0% used [0x00000007fd610000,0x00000007fd610000,0x00000007fe920000)
 ParOldGen       total 99072K, used 31679K [0x0000000784800000, 0x000000078a8c0000, 0x00000007d6d60000)
  object space 99072K, 31% used [0x0000000784800000,0x00000007866efda8,0x000000078a8c0000)
 PSPermGen       total 45184K, used 23915K [0x000000077a200000, 0x000000077ce20000, 0x0000000784800000)
  object space 45184K, 52% used [0x000000077a200000,0x000000077b95ad68,0x000000077ce20000)
GC Heap History (10 events):
Event: 108.964 GC heap before
{Heap before GC invocations=20 (full 1):
 PSYoungGen      total 260864K, used 237984K [0x00000007d6d60000, 0x00000007e8850000, 0x0000000800000000)
  eden space 236224K, 100% used [0x00000007d6d60000,0x00000007e5410000,0x00000007e5410000)
  from space 24640K, 7% used [0x00000007e7040000,0x00000007e71f8030,0x00000007e8850000)
  to   space 26752K, 0% used [0x00000007e5410000,0x00000007e5410000,0x00000007e6e30000)
 ParOldGen       total 99072K, used 30354K [0x0000000784800000, 0x000000078a8c0000, 0x00000007d6d60000)
  object space 99072K, 30% used [0x0000000784800000,0x00000007865a4a58,0x000000078a8c0000)
 PSPermGen       total 45184K, used 23484K [0x000000077a200000, 0x000000077ce20000, 0x0000000784800000)
  object space 45184K, 51% used [0x000000077a200000,0x000000077b8ef010,0x000000077ce20000)
Event: 108.965 GC heap after
Heap after GC invocations=20 (full 1):
 PSYoungGen      total 262976K, used 1120K [0x00000007d6d60000, 0x00000007eded0000, 0x0000000800000000)
  eden space 236224K, 0% used [0x00000007d6d60000,0x00000007d6d60000,0x00000007e5410000)
  from space 26752K, 4% used [0x00000007e5410000,0x00000007e5528020,0x00000007e6e30000)
  to   space 25216K, 0% used [0x00000007ec630000,0x00000007ec630000,0x00000007eded0000)
 ParOldGen       total 99072K, used 30706K [0x0000000784800000, 0x000000078a8c0000, 0x00000007d6d60000)
  object space 99072K, 30% used [0x0000000784800000,0x00000007865fca68,0x000000078a8c0000)
 PSPermGen       total 45184K, used 23484K [0x000000077a200000, 0x000000077ce20000, 0x0000000784800000)
  object space 45184K, 51% used [0x000000077a200000,0x000000077b8ef010,0x000000077ce20000)
}
Event: 154.718 GC heap before
{Heap before GC invocations=21 (full 1):
 PSYoungGen      total 262976K, used 237344K [0x00000007d6d60000, 0x00000007eded0000, 0x0000000800000000)
  eden space 236224K, 100% used [0x00000007d6d60000,0x00000007e5410000,0x00000007e5410000)
  from space 26752K, 4% used [0x00000007e5410000,0x00000007e5528020,0x00000007e6e30000)
  to   space 25216K, 0% used [0x00000007ec630000,0x00000007ec630000,0x00000007eded0000)
 ParOldGen       total 99072K, used 30706K [0x0000000784800000, 0x000000078a8c0000, 0x00000007d6d60000)
  object space 99072K, 30% used [0x0000000784800000,0x00000007865fca68,0x000000078a8c0000)
 PSPermGen       total 45184K, used 23527K [0x000000077a200000, 0x000000077ce20000, 0x0000000784800000)
  object space 45184K, 52% used [0x000000077a200000,0x000000077b8f9ec0,0x000000077ce20000)
Event: 154.719 GC heap after
Heap after GC invocations=21 (full 1):
 PSYoungGen      total 348480K, used 392K [0x00000007d6d60000, 0x00000007edb40000, 0x0000000800000000)
  eden space 326912K, 0% used [0x00000007d6d60000,0x00000007d6d60000,0x00000007eaca0000)
  from space 21568K, 1% used [0x00000007ec630000,0x00000007ec6921c8,0x00000007edb40000)
  to   space 23872K, 0% used [0x00000007eaca0000,0x00000007eaca0000,0x00000007ec3f0000)
 ParOldGen       total 99072K, used 30754K [0x0000000784800000, 0x000000078a8c0000, 0x00000007d6d60000)
  object space 99072K, 31% used [0x0000000784800000,0x0000000786608a68,0x000000078a8c0000)
 PSPermGen       total 45184K, used 23527K [0x000000077a200000, 0x000000077ce20000, 0x0000000784800000)
  object space 45184K, 52% used [0x000000077a200000,0x000000077b8f9ec0,0x000000077ce20000)
}
Event: 264.315 GC heap before
{Heap before GC invocations=22 (full 1):
 PSYoungGen      total 348480K, used 327304K [0x00000007d6d60000, 0x00000007edb40000, 0x0000000800000000)
  eden space 326912K, 100% used [0x00000007d6d60000,0x00000007eaca0000,0x00000007eaca0000)
  from space 21568K, 1% used [0x00000007ec630000,0x00000007ec6921c8,0x00000007edb40000)
  to   space 23872K, 0% used [0x00000007eaca0000,0x00000007eaca0000,0x00000007ec3f0000)
 ParOldGen       total 99072K, used 30754K [0x0000000784800000, 0x000000078a8c0000, 0x00000007d6d60000)
  object space 99072K, 31% used [0x0000000784800000,0x0000000786608a98,0x000000078a8c0000)
 PSPermGen       total 45184K, used 23593K [0x000000077a200000, 0x000000077ce20000, 0x0000000784800000)
  object space 45184K, 52% used [0x000000077a200000,0x000000077b90a5e8,0x000000077ce20000)
Event: 264.317 GC heap after
Heap after GC invocations=22 (full 1):
 PSYoungGen      total 350784K, used 1168K [0x00000007d6d60000, 0x00000007f5150000, 0x0000000800000000)
  eden space 326912K, 0% used [0x00000007d6d60000,0x00000007d6d60000,0x00000007eaca0000)
  from space 23872K, 4% used [0x00000007eaca0000,0x00000007eadc4030,0x00000007ec3f0000)
  to   space 22400K, 0% used [0x00000007f3b70000,0x00000007f3b70000,0x00000007f5150000)
 ParOldGen       total 99072K, used 30951K [0x0000000784800000, 0x000000078a8c0000, 0x00000007d6d60000)
  object space 99072K, 31% used [0x0000000784800000,0x0000000786639e10,0x000000078a8c0000)
 PSPermGen       total 45184K, used 23593K [0x000000077a200000, 0x000000077ce20000, 0x0000000784800000)
  object space 45184K, 52% used [0x000000077a200000,0x000000077b90a5e8,0x000000077ce20000)
}
Event: 266.688 GC heap before
{Heap before GC invocations=23 (full 1):
 PSYoungGen      total 350784K, used 328080K [0x00000007d6d60000, 0x00000007f5150000, 0x0000000800000000)
  eden space 326912K, 100% used [0x00000007d6d60000,0x00000007eaca0000,0x00000007eaca0000)
  from space 23872K, 4% used [0x00000007eaca0000,0x00000007eadc4030,0x00000007ec3f0000)
  to   space 22400K, 0% used [0x00000007f3b70000,0x00000007f3b70000,0x00000007f5150000)
 ParOldGen       total 99072K, used 30953K [0x0000000784800000, 0x000000078a8c0000, 0x00000007d6d60000)
  object space 99072K, 31% used [0x0000000784800000,0x000000078663a730,0x000000078a8c0000)
 PSPermGen       total 45184K, used 23594K [0x000000077a200000, 0x000000077ce20000, 0x0000000784800000)
  object space 45184K, 52% used [0x000000077a200000,0x000000077b90aba0,0x000000077ce20000)
Event: 266.691 GC heap after
Heap after GC invocations=23 (full 1):
 PSYoungGen      total 466240K, used 928K [0x00000007d6d60000, 0x00000007f4ca0000, 0x0000000800000000)
  eden space 448640K, 0% used [0x00000007d6d60000,0x00000007d6d60000,0x00000007f2380000)
  from space 17600K, 5% used [0x00000007f3b70000,0x00000007f3c58020,0x00000007f4ca0000)
  to   space 21056K, 0% used [0x00000007f2380000,0x00000007f2380000,0x00000007f3810000)
 ParOldGen       total 99072K, used 31583K [0x0000000784800000, 0x000000078a8c0000, 0x00000007d6d60000)
  object space 99072K, 31% used [0x0000000784800000,0x00000007866d7da8,0x000000078a8c0000)
 PSPermGen       total 45184K, used 23594K [0x000000077a200000, 0x000000077ce20000, 0x0000000784800000)
  object space 45184K, 52% used [0x000000077a200000,0x000000077b90aba0,0x000000077ce20000)
}
Event: 272.502 GC heap before
{Heap before GC invocations=24 (full 1):
 PSYoungGen      total 466240K, used 449568K [0x00000007d6d60000, 0x00000007f4ca0000, 0x0000000800000000)
  eden space 448640K, 100% used [0x00000007d6d60000,0x00000007f2380000,0x00000007f2380000)
  from space 17600K, 5% used [0x00000007f3b70000,0x00000007f3c58020,0x00000007f4ca0000)
  to   space 21056K, 0% used [0x00000007f2380000,0x00000007f2380000,0x00000007f3810000)
 ParOldGen       total 99072K, used 31583K [0x0000000784800000, 0x000000078a8c0000, 0x00000007d6d60000)
  object space 99072K, 31% used [0x0000000784800000,0x00000007866d7da8,0x000000078a8c0000)
 PSPermGen       total 45184K, used 23595K [0x000000077a200000, 0x000000077ce20000, 0x0000000784800000)
  object space 45184K, 52% used [0x000000077a200000,0x000000077b90ace0,0x000000077ce20000)
Event: 272.505 GC heap after
Heap after GC invocations=24 (full 1):
 PSYoungGen      total 469696K, used 2304K [0x00000007d6d60000, 0x00000007fe920000, 0x0000000800000000)
  eden space 448640K, 0% used [0x00000007d6d60000,0x00000007d6d60000,0x00000007f2380000)
  from space 21056K, 10% used [0x00000007f2380000,0x00000007f25c0030,0x00000007f3810000)
  to   space 19520K, 0% used [0x00000007fd610000,0x00000007fd610000,0x00000007fe920000)
 ParOldGen       total 99072K, used 31679K [0x0000000784800000, 0x000000078a8c0000, 0x00000007d6d60000)
  object space 99072K, 31% used [0x0000000784800000,0x00000007866efda8,0x000000078a8c0000)
 PSPermGen       total 45184K, used 23595K [0x000000077a200000, 0x000000077ce20000, 0x0000000784800000)
  object space 45184K, 52% used [0x000000077a200000,0x000000077b90ace0,0x000000077ce20000)
}

